e:\artificial intelligence\project\hopeloveapi\apimanaged\debug\apimanaged.pch
e:\artificial intelligence\project\hopeloveapi\apimanaged\debug\vc140.pdb
e:\artificial intelligence\project\hopeloveapi\apimanaged\debug\stdafx.obj
e:\artificial intelligence\project\hopeloveapi\apimanaged\debug\.netframework,version=v4.5.2.assemblyattributes.obj
e:\artificial intelligence\project\hopeloveapi\apimanaged\debug\.netframework,version=v4.5.2.assemblyattributes.asm
e:\artificial intelligence\project\hopeloveapi\apimanaged\debug\apimanaged.obj
e:\artificial intelligence\project\hopeloveapi\debug\apimanaged.dll
e:\artificial intelligence\project\hopeloveapi\debug\apimanaged.pdb
e:\artificial intelligence\project\hopeloveapi\apimanaged\debug\apimanaged.vcxprojresolveassemblyreference.cache
e:\artificial intelligence\project\hopeloveapi\apimanaged\debug\apimanaged.tlog\cl.command.1.tlog
e:\artificial intelligence\project\hopeloveapi\apimanaged\debug\apimanaged.tlog\cl.read.1.tlog
e:\artificial intelligence\project\hopeloveapi\apimanaged\debug\apimanaged.tlog\cl.write.1.tlog
e:\artificial intelligence\project\hopeloveapi\apimanaged\debug\apimanaged.tlog\link.command.1.tlog
e:\artificial intelligence\project\hopeloveapi\apimanaged\debug\apimanaged.tlog\link.read.1.tlog
e:\artificial intelligence\project\hopeloveapi\apimanaged\debug\apimanaged.tlog\link.write.1.tlog
e:\artificial intelligence\project\hopeloveapi\apimanaged\debug\apimanaged.tlog\metagen.read.1.tlog
e:\artificial intelligence\project\hopeloveapi\apimanaged\debug\apimanaged.tlog\metagen.write.1.tlog
e:\artificial intelligence\project\hopeloveapi\apimanaged\debug\apimanaged.tlog\oleaccrc.dll.bi
e:\artificial intelligence\project\hopeloveapi\apimanaged\debug\apimanaged.tlog\rsaenh.dll.bi
e:\artificial intelligence\project\hopeloveapi\apimanaged\debug\apimanaged.tlog\tzres.dll.bi
